<?xml version="1.0" encoding="UTF-8"?>
<!-- Generated by org.testng.reporters.JUnitXMLReporter -->
<testsuite ignored="0" hostname="MacBookPro.fritz.box" failures="6" tests="18" name="Test" time="270.168" errors="0" timestamp="2024-12-04T15:05:03 CET">
  <testcase classname="testCases.Testcase6" name="payments on testCases.Testcase6@3c419631" time="10.24"/>
  <testcase classname="testCases.Testcase8" name="validate_payment on testCases.Testcase8@3f197a46" time="36.825"/>
  <testcase classname="testCases.Testcase7" name="filters on testCases.Testcase7@636be97c" time="12.791"/>
  <testcase classname="testCases.Testcase9" name="shoppingcart on testCases.Testcase9@50a638b5" time="6.492"/>
  <testcase classname="testCases.Testcaseprice" name="pricebarhadle on testCases.Testcaseprice@1817d444" time="13.732"/>
  <testcase classname="testCases.Testcase2" name="verify on testCases.Testcase2@6ca8564a" time="12.544"/>
  <testcase classname="testCases.Testcase1" name="verify on testCases.Testcase1@50b472aa" time="3.308"/>
  <testcase classname="testCases.Testcase4" name="editdemo2 on testCases.Testcase4@31368b99" time="20.345">
    <failure type="org.openqa.selenium.NoSuchElementException" message="no such element: Unable to locate element: {&amp;quot;method&amp;quot;:&amp;quot;xpath&amp;quot;,&amp;quot;selector&amp;quot;:&amp;quot;//input[@name=&amp;quot;submit.delete.8494a3a0-65f8-4e65-a001-489ed62b6e19&amp;quot;]&amp;quot;}
  (Session info: chrome=131.0.6778.108)
For documentation on this error, please visit: https://www.selenium.dev/documentation/webdriver/troubleshooting/errors#no-such-element-exception
Build info: version: &amp;apos;4.26.0&amp;apos;, revision: &amp;apos;8ccf0219d7&amp;apos;
System info: os.name: &amp;apos;Mac OS X&amp;apos;, os.arch: &amp;apos;aarch64&amp;apos;, os.version: &amp;apos;15.1.1&amp;apos;, java.version: &amp;apos;22.0.1&amp;apos;
Driver info: org.openqa.selenium.chrome.ChromeDriver
Command: [d88929a364a7cd6a93c59cfe9099c1f4, findElement {value=//input[@name=&amp;quot;submit.delete.8494a3a0-65f8-4e65-a001-489ed62b6e19&amp;quot;], using=xpath}]
Capabilities {acceptInsecureCerts: false, browserName: chrome, browserVersion: 131.0.6778.108, chrome: {chromedriverVersion: 131.0.6778.87 (ce31cae94873..., userDataDir: /var/folders/1_/pn9x8w4j10b...}, fedcm:accounts: true, goog:chromeOptions: {debuggerAddress: localhost:55647}, networkConnectionEnabled: false, pageLoadStrategy: normal, platformName: mac, proxy: Proxy(), se:cdp: ws://localhost:55647/devtoo..., se:cdpVersion: 131.0.6778.108, setWindowRect: true, strictFileInteractability: false, timeouts: {implicit: 0, pageLoad: 300000, script: 30000}, unhandledPromptBehavior: dismiss and notify, webauthn:extension:credBlob: true, webauthn:extension:largeBlob: true, webauthn:extension:minPinLength: true, webauthn:extension:prf: true, webauthn:virtualAuthenticators: true}
Session ID: d88929a364a7cd6a93c59cfe9099c1f4">
      <![CDATA[org.openqa.selenium.NoSuchElementException: no such element: Unable to locate element: {"method":"xpath","selector":"//input[@name="submit.delete.8494a3a0-65f8-4e65-a001-489ed62b6e19"]"}
  (Session info: chrome=131.0.6778.108)
For documentation on this error, please visit: https://www.selenium.dev/documentation/webdriver/troubleshooting/errors#no-such-element-exception
Build info: version: '4.26.0', revision: '8ccf0219d7'
System info: os.name: 'Mac OS X', os.arch: 'aarch64', os.version: '15.1.1', java.version: '22.0.1'
Driver info: org.openqa.selenium.chrome.ChromeDriver
Command: [d88929a364a7cd6a93c59cfe9099c1f4, findElement {value=//input[@name="submit.delete.8494a3a0-65f8-4e65-a001-489ed62b6e19"], using=xpath}]
Capabilities {acceptInsecureCerts: false, browserName: chrome, browserVersion: 131.0.6778.108, chrome: {chromedriverVersion: 131.0.6778.87 (ce31cae94873..., userDataDir: /var/folders/1_/pn9x8w4j10b...}, fedcm:accounts: true, goog:chromeOptions: {debuggerAddress: localhost:55647}, networkConnectionEnabled: false, pageLoadStrategy: normal, platformName: mac, proxy: Proxy(), se:cdp: ws://localhost:55647/devtoo..., se:cdpVersion: 131.0.6778.108, setWindowRect: true, strictFileInteractability: false, timeouts: {implicit: 0, pageLoad: 300000, script: 30000}, unhandledPromptBehavior: dismiss and notify, webauthn:extension:credBlob: true, webauthn:extension:largeBlob: true, webauthn:extension:minPinLength: true, webauthn:extension:prf: true, webauthn:virtualAuthenticators: true}
Session ID: d88929a364a7cd6a93c59cfe9099c1f4
at org.openqa.selenium.remote.ErrorCodec.decode(ErrorCodec.java:167)
at org.openqa.selenium.remote.codec.w3c.W3CHttpResponseCodec.decode(W3CHttpResponseCodec.java:138)
at org.openqa.selenium.remote.codec.w3c.W3CHttpResponseCodec.decode(W3CHttpResponseCodec.java:50)
at org.openqa.selenium.remote.HttpCommandExecutor.execute(HttpCommandExecutor.java:190)
at org.openqa.selenium.remote.service.DriverCommandExecutor.invokeExecute(DriverCommandExecutor.java:216)
at org.openqa.selenium.remote.service.DriverCommandExecutor.execute(DriverCommandExecutor.java:174)
at org.openqa.selenium.remote.RemoteWebDriver.execute(RemoteWebDriver.java:545)
at org.openqa.selenium.remote.ElementLocation$ElementFinder$2.findElement(ElementLocation.java:165)
at org.openqa.selenium.remote.ElementLocation.findElement(ElementLocation.java:59)
at org.openqa.selenium.remote.RemoteWebDriver.findElement(RemoteWebDriver.java:368)
at org.openqa.selenium.remote.RemoteWebDriver.findElement(RemoteWebDriver.java:362)
at org.openqa.selenium.support.pagefactory.DefaultElementLocator.findElement(DefaultElementLocator.java:68)
at org.openqa.selenium.support.pagefactory.internal.LocatingElementHandler.invoke(LocatingElementHandler.java:38)
at jdk.proxy2/jdk.proxy2.$Proxy14.click(Unknown Source)
at ECommercesrc.Checkout_page.remove_qty(Checkout_page.java:22)
at testCases.Testcase4.editdemo2(Testcase4.java:59)
at java.base/java.util.ArrayList.forEach(ArrayList.java:1597)
... Removed 28 stack frames]]>
    </failure>
  </testcase> <!-- editdemo2 on testCases.Testcase4@31368b99 -->
  <testcase classname="testCases.Testcase3" name="editdemo on testCases.Testcase3@1725dc0f" time="3.471">
    <skipped/>
  </testcase> <!-- editdemo on testCases.Testcase3@1725dc0f -->
  <testcase classname="testCases.Testcase3" name="editdemo on testCases.Testcase3@1725dc0f" time="3.814">
    <skipped/>
  </testcase> <!-- editdemo on testCases.Testcase3@1725dc0f -->
  <testcase classname="testCases.Testcase3" name="editdemo on testCases.Testcase3@1725dc0f" time="4.533">
    <failure type="java.lang.AssertionError" message="SUCCESSFULLY login expected [Online Shopping site in India: Shop Online for Mobiles, Books, Watches, Shoes and More - Amazon.in] but found [Authentication required]">
      <![CDATA[java.lang.AssertionError: SUCCESSFULLY login expected [Online Shopping site in India: Shop Online for Mobiles, Books, Watches, Shoes and More - Amazon.in] but found [Authentication required]
at ECommercesrc.Signin_validpage.validateassert(Signin_validpage.java:68)
at testCases.Testcase3.editdemo(Testcase3.java:38)
at java.base/java.util.ArrayList.forEach(ArrayList.java:1597)
... Removed 30 stack frames]]>
    </failure>
  </testcase> <!-- editdemo on testCases.Testcase3@1725dc0f -->
  <testcase classname="testCases.Testcase15" name="searchproduct_nologin on testCases.Testcase15@3911c2a7" time="12.156"/>
  <testcase classname="testCases.Testcase14" name="lastorderraring on testCases.Testcase14@4ac3c60d" time="13.183"/>
  <testcase classname="testCases.Testcase11" name="checkoutprocess on testCases.Testcase11@4facf68f" time="4.166">
    <failure type="java.lang.AssertionError" message="SUCCESSFULLY login expected [Online Shopping site in India: Shop Online for Mobiles, Books, Watches, Shoes and More - Amazon.in] but found [Authentication required]">
      <![CDATA[java.lang.AssertionError: SUCCESSFULLY login expected [Online Shopping site in India: Shop Online for Mobiles, Books, Watches, Shoes and More - Amazon.in] but found [Authentication required]
at ECommercesrc.Signin_validpage.validateassert(Signin_validpage.java:68)
at testCases.Testcase11.checkoutprocess(Testcase11.java:35)
at java.base/java.util.ArrayList.forEach(ArrayList.java:1597)
... Removed 30 stack frames]]>
    </failure>
  </testcase> <!-- checkoutprocess on testCases.Testcase11@4facf68f -->
  <testcase classname="testCases.Testcase10" name="updatecart on testCases.Testcase10@76508ed1" time="2.589">
    <failure type="org.openqa.selenium.NoSuchElementException" message="no such element: Unable to locate element: {&amp;quot;method&amp;quot;:&amp;quot;css selector&amp;quot;,&amp;quot;selector&amp;quot;:&amp;quot;#twotabsearchtextbox&amp;quot;}
  (Session info: chrome=131.0.6778.108)
For documentation on this error, please visit: https://www.selenium.dev/documentation/webdriver/troubleshooting/errors#no-such-element-exception
Build info: version: &amp;apos;4.26.0&amp;apos;, revision: &amp;apos;8ccf0219d7&amp;apos;
System info: os.name: &amp;apos;Mac OS X&amp;apos;, os.arch: &amp;apos;aarch64&amp;apos;, os.version: &amp;apos;15.1.1&amp;apos;, java.version: &amp;apos;22.0.1&amp;apos;
Driver info: org.openqa.selenium.chrome.ChromeDriver
Command: [384e6214d08434137ad0f7402a6a259c, findElement {value=twotabsearchtextbox, using=id}]
Capabilities {acceptInsecureCerts: false, browserName: chrome, browserVersion: 131.0.6778.108, chrome: {chromedriverVersion: 131.0.6778.87 (ce31cae94873..., userDataDir: /var/folders/1_/pn9x8w4j10b...}, fedcm:accounts: true, goog:chromeOptions: {debuggerAddress: localhost:56371}, networkConnectionEnabled: false, pageLoadStrategy: normal, platformName: mac, proxy: Proxy(), se:cdp: ws://localhost:56371/devtoo..., se:cdpVersion: 131.0.6778.108, setWindowRect: true, strictFileInteractability: false, timeouts: {implicit: 0, pageLoad: 300000, script: 30000}, unhandledPromptBehavior: dismiss and notify, webauthn:extension:credBlob: true, webauthn:extension:largeBlob: true, webauthn:extension:minPinLength: true, webauthn:extension:prf: true, webauthn:virtualAuthenticators: true}
Session ID: 384e6214d08434137ad0f7402a6a259c">
      <![CDATA[org.openqa.selenium.NoSuchElementException: no such element: Unable to locate element: {"method":"css selector","selector":"#twotabsearchtextbox"}
  (Session info: chrome=131.0.6778.108)
For documentation on this error, please visit: https://www.selenium.dev/documentation/webdriver/troubleshooting/errors#no-such-element-exception
Build info: version: '4.26.0', revision: '8ccf0219d7'
System info: os.name: 'Mac OS X', os.arch: 'aarch64', os.version: '15.1.1', java.version: '22.0.1'
Driver info: org.openqa.selenium.chrome.ChromeDriver
Command: [384e6214d08434137ad0f7402a6a259c, findElement {value=twotabsearchtextbox, using=id}]
Capabilities {acceptInsecureCerts: false, browserName: chrome, browserVersion: 131.0.6778.108, chrome: {chromedriverVersion: 131.0.6778.87 (ce31cae94873..., userDataDir: /var/folders/1_/pn9x8w4j10b...}, fedcm:accounts: true, goog:chromeOptions: {debuggerAddress: localhost:56371}, networkConnectionEnabled: false, pageLoadStrategy: normal, platformName: mac, proxy: Proxy(), se:cdp: ws://localhost:56371/devtoo..., se:cdpVersion: 131.0.6778.108, setWindowRect: true, strictFileInteractability: false, timeouts: {implicit: 0, pageLoad: 300000, script: 30000}, unhandledPromptBehavior: dismiss and notify, webauthn:extension:credBlob: true, webauthn:extension:largeBlob: true, webauthn:extension:minPinLength: true, webauthn:extension:prf: true, webauthn:virtualAuthenticators: true}
Session ID: 384e6214d08434137ad0f7402a6a259c
at org.openqa.selenium.remote.ErrorCodec.decode(ErrorCodec.java:167)
at org.openqa.selenium.remote.codec.w3c.W3CHttpResponseCodec.decode(W3CHttpResponseCodec.java:138)
at org.openqa.selenium.remote.codec.w3c.W3CHttpResponseCodec.decode(W3CHttpResponseCodec.java:50)
at org.openqa.selenium.remote.HttpCommandExecutor.execute(HttpCommandExecutor.java:190)
at org.openqa.selenium.remote.service.DriverCommandExecutor.invokeExecute(DriverCommandExecutor.java:216)
at org.openqa.selenium.remote.service.DriverCommandExecutor.execute(DriverCommandExecutor.java:174)
at org.openqa.selenium.remote.RemoteWebDriver.execute(RemoteWebDriver.java:545)
at org.openqa.selenium.remote.ElementLocation$ElementFinder$2.findElement(ElementLocation.java:165)
at org.openqa.selenium.remote.ElementLocation.findElement(ElementLocation.java:59)
at org.openqa.selenium.remote.RemoteWebDriver.findElement(RemoteWebDriver.java:368)
at org.openqa.selenium.remote.RemoteWebDriver.findElement(RemoteWebDriver.java:362)
at org.openqa.selenium.support.pagefactory.DefaultElementLocator.findElement(DefaultElementLocator.java:68)
at org.openqa.selenium.support.pagefactory.internal.LocatingElementHandler.invoke(LocatingElementHandler.java:38)
at jdk.proxy2/jdk.proxy2.$Proxy14.sendKeys(Unknown Source)
at ECommercesrc.Search_page.search_textfield(Search_page.java:55)
at testCases.Testcase10.updatecart(Testcase10.java:36)
at java.base/java.util.ArrayList.forEach(ArrayList.java:1597)
... Removed 28 stack frames]]>
    </failure>
  </testcase> <!-- updatecart on testCases.Testcase10@76508ed1 -->
  <testcase classname="testCases.Testcase13" name="couponvalidation on testCases.Testcase13@41e36e46" time="27.74"/>
  <testcase classname="testCases.Testcase12" name="payment_mode_checking on testCases.Testcase12@15c43bd9" time="3.469">
    <failure type="java.lang.AssertionError" message="SUCCESSFULLY login expected [Online Shopping site in India: Shop Online for Mobiles, Books, Watches, Shoes and More - Amazon.in] but found [Authentication required]">
      <![CDATA[java.lang.AssertionError: SUCCESSFULLY login expected [Online Shopping site in India: Shop Online for Mobiles, Books, Watches, Shoes and More - Amazon.in] but found [Authentication required]
at ECommercesrc.Signin_validpage.validateassert(Signin_validpage.java:68)
at testCases.Testcase12.payment_mode_checking(Testcase12.java:32)
at java.base/java.util.ArrayList.forEach(ArrayList.java:1597)
... Removed 30 stack frames]]>
    </failure>
  </testcase> <!-- payment_mode_checking on testCases.Testcase12@15c43bd9 -->
  <testcase classname="testCases.Testcase5new" name="Searchitems on testCases.Testcase5new@3d74bf60" time="3.193">
    <failure type="java.lang.AssertionError" message="SUCCESSFULLY login expected [Online Shopping site in India: Shop Online for Mobiles, Books, Watches, Shoes and More - Amazon.in] but found [Authentication required]">
      <![CDATA[java.lang.AssertionError: SUCCESSFULLY login expected [Online Shopping site in India: Shop Online for Mobiles, Books, Watches, Shoes and More - Amazon.in] but found [Authentication required]
at ECommercesrc.Signin_validpage.validateassert(Signin_validpage.java:68)
at testCases.Testcase5new.Searchitems(Testcase5new.java:32)
at java.base/java.util.ArrayList.forEach(ArrayList.java:1597)
... Removed 30 stack frames]]>
    </failure>
  </testcase> <!-- Searchitems on testCases.Testcase5new@3d74bf60 -->
</testsuite> <!-- Test -->
